[debug] [2022-08-18T16:28:50.053Z] ----------------------------------------------------------------------
[debug] [2022-08-18T16:28:50.056Z] Command:       C:\Program Files\nodejs\node.exe C:\Users\Administrator\AppData\Roaming\npm\node_modules\firebase-tools\lib\bin\firebase.js init
[debug] [2022-08-18T16:28:50.057Z] CLI Version:   11.4.2
[debug] [2022-08-18T16:28:50.057Z] Platform:      win32
[debug] [2022-08-18T16:28:50.058Z] Node Version:  v16.16.0
[debug] [2022-08-18T16:28:50.067Z] Time:          Thu Aug 18 2022 23:28:50 GMT+0700 (Indochina Time)
[debug] [2022-08-18T16:28:50.067Z] ----------------------------------------------------------------------
[debug] 
[debug] [2022-08-18T16:28:50.085Z] > command requires scopes: ["email","openid","https://www.googleapis.com/auth/cloudplatformprojects.readonly","https://www.googleapis.com/auth/firebase","https://www.googleapis.com/auth/cloud-platform"]
[debug] [2022-08-18T16:28:50.086Z] > authorizing via signed-in user (tuyhongsonshl@gmail.com)
[info] 
     ######## #### ########  ######## ########     ###     ######  ########
     ##        ##  ##     ## ##       ##     ##  ##   ##  ##       ##
     ######    ##  ########  ######   ########  #########  ######  ######
     ##        ##  ##    ##  ##       ##     ## ##     ##       ## ##
     ##       #### ##     ## ######## ########  ##     ##  ######  ########

You're about to initialize a Firebase project in this directory:

  B:\04 - Developer Room\Dev 00 - Projects\Storm 01 - My Projects\05 - Projects Get A Jobs\001 - srdragonfang portfolio\srdragonfang-portfolio

[info] 
=== Project Setup
[info] 
[info] First, let's associate this project directory with a Firebase project.
[info] You can create multiple project aliases by running firebase use --add, 
[info] but for now we'll just set up a default project.
[info] 
[info] i  If you want to create a project in a Google Cloud organization or folder, please use "firebase projects:create" instead, and return to this command when you've created the project. 
